imooc/gradle/testgradle/lib_pullalive/build/outputs/logs/manifest-merger-release-report.txt
-- Merging decision tree log ---
manifest
ADDED from src\main\AndroidManifest.xml:1:1-64:12
INJECTED from src\main\AndroidManifest.xml:1:1-64:12
INJECTED from src\main\AndroidManifest.xml:1:1-64:12
INJECTED from src\main\AndroidManifest.xml:1:1-64:12
INJECTED from src\main\AndroidManifest.xml:1:1-64:12
INJECTED from src\main\AndroidManifest.xml:1:1-64:12
INJECTED from src\main\AndroidManifest.xml:1:1-64:12
	package
		ADDED from src\main\AndroidManifest.xml:2:3-34
		INJECTED from src\main\AndroidManifest.xml
		INJECTED from src\main\AndroidManifest.xml
	android:versionName
		INJECTED from src\main\AndroidManifest.xml
		ADDED from src\main\AndroidManifest.xml:1:1-64:12
		INJECTED from src\main\AndroidManifest.xml
	android:versionCode
		INJECTED from src\main\AndroidManifest.xml
		ADDED from src\main\AndroidManifest.xml:1:1-64:12
		INJECTED from src\main\AndroidManifest.xml
	xmlns:android
		ADDED from src\main\AndroidManifest.xml:1:11-69
uses-permission#android.permission.RECEIVE_BOOT_COMPLETED
ADDED from src\main\AndroidManifest.xml:6:3-79
	android:name
		ADDED from src\main\AndroidManifest.xml:6:20-76
uses-permission#android.permission.AUTHENTICATE_ACCOUNTS
ADDED from src\main\AndroidManifest.xml:7:3-78
	android:name
		ADDED from src\main\AndroidManifest.xml:7:20-75
uses-permission#android.permission.GET_ACCOUNTS
ADDED from src\main\AndroidManifest.xml:8:3-69
	android:name
		ADDED from src\main\AndroidManifest.xml:8:20-66
uses-permission#android.permission.MANAGE_ACCOUNTS
ADDED from src\main\AndroidManifest.xml:9:3-72
	android:name
		ADDED from src\main\AndroidManifest.xml:9:20-69
uses-permission#android.permission.READ_EXTERNAL_STORAGE
ADDED from src\main\AndroidManifest.xml:10:3-78
	android:name
		ADDED from src\main\AndroidManifest.xml:10:20-75
uses-permission#android.permission.READ_SYNC_SETTINGS
ADDED from src\main\AndroidManifest.xml:11:3-75
	android:name
		ADDED from src\main\AndroidManifest.xml:11:20-72
uses-permission#android.permission.WRITE_SYNC_SETTINGS
ADDED from src\main\AndroidManifest.xml:12:3-76
	android:name
		ADDED from src\main\AndroidManifest.xml:12:20-73
application
ADDED from src\main\AndroidManifest.xml:14:3-62:17
	android:label
		ADDED from src\main\AndroidManifest.xml:14:16-48
service#com.lianjia.pullalive.accountsync.AuthenticationService
ADDED from src\main\AndroidManifest.xml:16:5-25:15
	android:exported
		ADDED from src\main\AndroidManifest.xml:18:7-31
	android:name
		ADDED from src\main\AndroidManifest.xml:17:7-77
intent-filter#action:name:android.accounts.AccountAuthenticator
ADDED from src\main\AndroidManifest.xml:19:7-21:23
action#android.accounts.AccountAuthenticator
ADDED from src\main\AndroidManifest.xml:20:9-72
	android:name
		ADDED from src\main\AndroidManifest.xml:20:17-69
meta-data#android.accounts.AccountAuthenticator
ADDED from src\main\AndroidManifest.xml:22:7-24:49
	android:resource
		ADDED from src\main\AndroidManifest.xml:24:9-46
	android:name
		ADDED from src\main\AndroidManifest.xml:23:9-61
service#com.lianjia.pullalive.accountsync.SyncService
ADDED from src\main\AndroidManifest.xml:27:5-37:15
	android:label
		ADDED from src\main\AndroidManifest.xml:30:7-49
	android:exported
		ADDED from src\main\AndroidManifest.xml:29:7-31
	android:name
		ADDED from src\main\AndroidManifest.xml:28:7-67
intent-filter#action:name:android.content.SyncAdapter
ADDED from src\main\AndroidManifest.xml:31:7-33:23
action#android.content.SyncAdapter
ADDED from src\main\AndroidManifest.xml:32:9-62
	android:name
		ADDED from src\main\AndroidManifest.xml:32:17-59
meta-data#android.content.SyncAdapter
ADDED from src\main\AndroidManifest.xml:34:7-36:47
	android:resource
		ADDED from src\main\AndroidManifest.xml:36:9-44
	android:name
		ADDED from src\main\AndroidManifest.xml:35:9-51
provider#com.lianjia.pullalive.accountsync.SyncProvider
ADDED from src\main\AndroidManifest.xml:39:5-44:42
	android:authorities
		ADDED from src\main\AndroidManifest.xml:41:7-63
	android:label
		ADDED from src\main\AndroidManifest.xml:43:7-49
	android:syncable
		ADDED from src\main\AndroidManifest.xml:44:7-30
	android:exported
		ADDED from src\main\AndroidManifest.xml:42:7-31
	android:name
		ADDED from src\main\AndroidManifest.xml:40:7-68
service#com.lianjia.pullalive.jobscheduler.PLJobService
ADDED from src\main\AndroidManifest.xml:46:5-50:74
	android:enabled
		ADDED from src\main\AndroidManifest.xml:48:7-30
	android:exported
		ADDED from src\main\AndroidManifest.xml:49:7-31
	android:permission
		ADDED from src\main\AndroidManifest.xml:50:7-63
	android:name
		ADDED from src\main\AndroidManifest.xml:47:7-69
service#com.lianjia.pullalive.nl.NLService
ADDED from src\main\AndroidManifest.xml:52:5-60:15
	android:label
		ADDED from src\main\AndroidManifest.xml:55:7-49
	android:exported
		ADDED from src\main\AndroidManifest.xml:54:7-31
	android:permission
		ADDED from src\main\AndroidManifest.xml:56:7-81
	android:name
		ADDED from src\main\AndroidManifest.xml:53:7-56
intent-filter#action:name:android.service.notification.NotificationListenerService
ADDED from src\main\AndroidManifest.xml:57:7-59:23
action#android.service.notification.NotificationListenerService
ADDED from src\main\AndroidManifest.xml:58:9-91
	android:name
		ADDED from src\main\AndroidManifest.xml:58:17-88
uses-sdk
INJECTED from src\main\AndroidManifest.xml reason: use-sdk injection requested
INJECTED from src\main\AndroidManifest.xml
INJECTED from src\main\AndroidManifest.xml
INJECTED from src\main\AndroidManifest.xml
INJECTED from src\main\AndroidManifest.xml
	android:targetSdkVersion
		INJECTED from src\main\AndroidManifest.xml
		ADDED from src\main\AndroidManifest.xml
		INJECTED from src\main\AndroidManifest.xml
	android:minSdkVersion
		INJECTED from src\main\AndroidManifest.xml
		ADDED from src\main\AndroidManifest.xml
		INJECTED from src\main\AndroidManifest.xml